<?xml version="1.0" encoding="UTF-8"?>
<!-- Generated by org.testng.reporters.JUnitReportReporter -->
<testsuite skipped="0" hostname="Sandeeps-MacBook-Air.local" name="com.w2a.testcases.BankManagerLoginTest" tests="1" failures="0" timestamp="04 Dec 2018 01:09:14 GMT" time="3.786" errors="0">
  <testcase name="bankManagerLoginTest" time="3.786" classname="com.w2a.testcases.BankManagerLoginTest"/>
</testsuite> <!-- com.w2a.testcases.BankManagerLoginTest -->
