<?xml version="1.0" encoding="UTF-8"?>
<!-- Generated by org.testng.reporters.JUnitReportReporter -->
<testsuite skipped="0" hostname="Sandeeps-MacBook-Air.local" name="com.w2a.testcases.OpenAccountTest" tests="1" failures="0" timestamp="04 Dec 2018 01:09:14 GMT" time="8.775" errors="0">
  <testcase name="openAccountTest" time="8.775" classname="com.w2a.testcases.OpenAccountTest"/>
</testsuite> <!-- com.w2a.testcases.OpenAccountTest -->
